<?xml version="1.0" encoding="UTF-8"?>
<!-- Generated by org.testng.reporters.JUnitReportReporter -->
<testsuite hostname="BHAVANA" failures="0" tests="1" name="WorkingWithUnitTestingTool.Basic" time="0.017" errors="0" timestamp="2024-04-04T13:14:51 IST" skipped="0">
  <testcase classname="WorkingWithUnitTestingTool.Basic" name="run" time="0.017">
    <system-out>
      <![CDATA[Hello TESTNG]]>
    </system-out>
  </testcase> <!-- run -->
  <system-out>
    <![CDATA[Hello TESTNG]]>
  </system-out>
</testsuite> <!-- WorkingWithUnitTestingTool.Basic -->
