<?xml version="1.0" encoding="UTF-8"?>
<!-- Generated by org.testng.reporters.JUnitReportReporter -->
<testsuite hostname="BHAVANA" failures="0" tests="1" name="testScripts.To_Launch_ApplePhone" time="13.013" errors="0" timestamp="2024-04-08T14:08:21 IST" skipped="0">
  <testcase classname="testScripts.To_Launch_ApplePhone" name="ApplePhone" time="13.013"/>
</testsuite> <!-- testScripts.To_Launch_ApplePhone -->
