<?xml version="1.0" encoding="UTF-8"?>
<!-- Generated by org.testng.reporters.JUnitReportReporter -->
<testsuite hostname="BHAVANA" failures="0" tests="5" name="WorkingWithUnitTestingTool.WorkingWithDepondsOnMethodAttribute" time="0.033" errors="0" timestamp="2024-04-05T12:33:54 IST" skipped="0">
  <testcase classname="WorkingWithUnitTestingTool.WorkingWithDepondsOnMethodAttribute" name="enterPassword" time="0.005"/>
  <testcase classname="WorkingWithUnitTestingTool.WorkingWithDepondsOnMethodAttribute" name="enterUrl" time="0.003"/>
  <testcase classname="WorkingWithUnitTestingTool.WorkingWithDepondsOnMethodAttribute" name="enterEmailId" time="0.002"/>
  <testcase classname="WorkingWithUnitTestingTool.WorkingWithDepondsOnMethodAttribute" name="closeBrowser" time="0.019"/>
  <testcase classname="WorkingWithUnitTestingTool.WorkingWithDepondsOnMethodAttribute" name="openBrowser" time="0.004"/>
</testsuite> <!-- WorkingWithUnitTestingTool.WorkingWithDepondsOnMethodAttribute -->
