<?xml version="1.0" encoding="UTF-8"?>
<!-- Generated by org.testng.reporters.JUnitReportReporter -->
<testsuite hostname="BHAVANA" failures="0" tests="1" name="testScripts.To_Launch_LG" time="7.957" errors="0" timestamp="2024-04-08T14:08:21 IST" skipped="0">
  <testcase classname="testScripts.To_Launch_LG" name="LG" time="7.957"/>
</testsuite> <!-- testScripts.To_Launch_LG -->
