<?xml version="1.0" encoding="UTF-8"?>
<!-- Generated by org.testng.reporters.JUnitReportReporter -->
<testsuite hostname="BHAVANA" failures="0" tests="1" name="testScripts.To_Launch_Samsung" time="10.978" errors="0" timestamp="2024-04-08T14:08:21 IST" skipped="0">
  <testcase classname="testScripts.To_Launch_Samsung" name="Samsung" time="10.978"/>
</testsuite> <!-- testScripts.To_Launch_Samsung -->
