<?xml version="1.0" encoding="UTF-8"?>
<!-- Generated by org.testng.reporters.JUnitReportReporter -->
<testsuite hostname="BHAVANA" failures="0" tests="3" name="WorkingWithUnitTestingTool.WorkingWithDataProvider2" time="0.012" errors="0" timestamp="2024-04-12T13:50:14 IST" skipped="0">
  <testcase classname="WorkingWithUnitTestingTool.WorkingWithDataProvider2" name="dataDemo" time="0.009"/>
  <testcase classname="WorkingWithUnitTestingTool.WorkingWithDataProvider2" name="dataDemo" time="0.001"/>
  <testcase classname="WorkingWithUnitTestingTool.WorkingWithDataProvider2" name="dataDemo" time="0.002"/>
</testsuite> <!-- WorkingWithUnitTestingTool.WorkingWithDataProvider2 -->
