<?xml version="1.0" encoding="UTF-8"?>
<!-- Generated by org.testng.reporters.JUnitReportReporter -->
<testsuite hostname="BHAVANA" failures="0" tests="5" name="WorkingWithUnitTestingTool.Travelling" time="0.030" errors="0" timestamp="2024-04-05T11:35:56 IST" skipped="1">
  <testcase classname="WorkingWithUnitTestingTool.Travelling" name="confromMsg" time="0.023"/>
  <testcase classname="WorkingWithUnitTestingTool.Travelling" name="selPayment" time="0.002"/>
  <testcase classname="WorkingWithUnitTestingTool.Travelling" name="register" time="0.002"/>
  <testcase classname="WorkingWithUnitTestingTool.Travelling" name="selDate" time="0.003"/>
  <testcase classname="WorkingWithUnitTestingTool.Travelling" name="login">
    <skipped/>
  </testcase> <!-- login -->
</testsuite> <!-- WorkingWithUnitTestingTool.Travelling -->
