<?xml version="1.0" encoding="UTF-8"?>
<!-- Generated by org.testng.reporters.JUnitReportReporter -->
<testsuite hostname="BHAVANA" failures="0" tests="1" name="testScripts.To_Launch_Messho" time="7.550" errors="0" timestamp="2024-04-08T13:30:16 IST" skipped="0">
  <testcase classname="testScripts.To_Launch_Messho" name="messho" time="7.550"/>
</testsuite> <!-- testScripts.To_Launch_Messho -->
