<?xml version="1.0" encoding="UTF-8"?>
<!-- Generated by org.testng.reporters.JUnitReportReporter -->
<testsuite hostname="BHAVANA" failures="0" tests="3" name="WorkingWithUnitTestingTool.WirkingWithTimeOutAttribute" time="197.199" errors="0" timestamp="2024-04-05T13:19:37 IST" skipped="0">
  <testcase classname="WorkingWithUnitTestingTool.WirkingWithTimeOutAttribute" name="run" time="83.608"/>
  <testcase classname="WorkingWithUnitTestingTool.WirkingWithTimeOutAttribute" name="run" time="18.438"/>
  <testcase classname="WorkingWithUnitTestingTool.WirkingWithTimeOutAttribute" name="run" time="95.153"/>
</testsuite> <!-- WorkingWithUnitTestingTool.WirkingWithTimeOutAttribute -->
