<?xml version="1.0" encoding="UTF-8"?>
<!-- Generated by org.testng.reporters.JUnitReportReporter -->
<testsuite hostname="BHAVANA" failures="0" tests="1" name="testScripts.To_Launch_Lorealparis" time="17.747" errors="0" timestamp="2024-04-08T13:06:58 IST" skipped="0">
  <testcase classname="testScripts.To_Launch_Lorealparis" name="Lorealparis" time="17.747"/>
</testsuite> <!-- testScripts.To_Launch_Lorealparis -->
