<?xml version="1.0" encoding="UTF-8"?>
<!-- Generated by org.testng.reporters.JUnitReportReporter -->
<testsuite hostname="BHAVANA" failures="0" tests="1" name="testScripts.To_Launch_Flipkart" time="8.539" errors="0" timestamp="2024-04-08T13:30:16 IST" skipped="0">
  <testcase classname="testScripts.To_Launch_Flipkart" name="flipkart" time="8.539"/>
</testsuite> <!-- testScripts.To_Launch_Flipkart -->
