<?xml version="1.0" encoding="UTF-8"?>
<!-- Generated by org.testng.reporters.JUnitReportReporter -->
<testsuite hostname="BHAVANA" failures="0" tests="3" name="WorkingWithUnitTestingTool.WorkingWithChronologicalOrder" time="0.014" errors="0" timestamp="2024-04-05T13:54:19 IST" skipped="0">
  <testcase classname="WorkingWithUnitTestingTool.WorkingWithChronologicalOrder" name="run" time="0.001"/>
  <testcase classname="WorkingWithUnitTestingTool.WorkingWithChronologicalOrder" name="practice" time="0.010"/>
  <testcase classname="WorkingWithUnitTestingTool.WorkingWithChronologicalOrder" name="test" time="0.003"/>
</testsuite> <!-- WorkingWithUnitTestingTool.WorkingWithChronologicalOrder -->
