<?xml version="1.0" encoding="UTF-8"?>
<!-- Generated by org.testng.reporters.JUnitReportReporter -->
<testsuite hostname="BHAVANA" failures="0" tests="3" name="WorkingWithUnitTestingTool.WorkingWithDataProvider" time="0.018" errors="0" timestamp="2024-04-12T13:43:12 IST" skipped="0">
  <testcase classname="WorkingWithUnitTestingTool.WorkingWithDataProvider" name="dataDemo" time="0.001"/>
  <testcase classname="WorkingWithUnitTestingTool.WorkingWithDataProvider" name="dataDemo" time="0.014"/>
  <testcase classname="WorkingWithUnitTestingTool.WorkingWithDataProvider" name="dataDemo" time="0.003"/>
</testsuite> <!-- WorkingWithUnitTestingTool.WorkingWithDataProvider -->
