<?xml version="1.0" encoding="UTF-8"?>
<!-- Generated by org.testng.reporters.JUnitReportReporter -->
<testsuite hostname="BHAVANA" failures="0" tests="3" name="WorkingWithUnitTestingTool.AlwaysRunAttribute" time="0.034" errors="0" timestamp="2024-04-05T13:11:29 IST" skipped="0">
  <testcase classname="WorkingWithUnitTestingTool.AlwaysRunAttribute" name="closeBrowser" time="0.028"/>
  <testcase classname="WorkingWithUnitTestingTool.AlwaysRunAttribute" name="openBrowser" time="0.005"/>
  <testcase classname="WorkingWithUnitTestingTool.AlwaysRunAttribute" name="enterURL" time="0.001"/>
</testsuite> <!-- WorkingWithUnitTestingTool.AlwaysRunAttribute -->
