<?xml version="1.0" encoding="UTF-8"?>
<!-- Generated by org.testng.reporters.JUnitReportReporter -->
<testsuite hostname="BHAVANA" failures="0" tests="1" name="WorkingWithUnitTestingTool.WorkingWithCrossBrowser" time="42.493" errors="0" timestamp="2024-04-16T13:57:19 IST" skipped="0">
  <testcase classname="WorkingWithUnitTestingTool.WorkingWithCrossBrowser" name="browserTest" time="42.493"/>
</testsuite> <!-- WorkingWithUnitTestingTool.WorkingWithCrossBrowser -->
